2019-08-08 15:59:15,467 INFO 43346 [Timer] /Users/xieww/Desktop/aries-web/service/node_modules/egg-multipart/app/schedule/clean_tmpdir.js next time will execute after 45044536ms at 2019-08-09 04:30:00.003
2019-08-08 15:59:15,468 INFO 43346 [Timer] /Users/xieww/Desktop/aries-web/service/node_modules/egg-logrotator/app/schedule/clean_log.js next time will execute after 28844532ms at 2019-08-09 00:00:00.000
2019-08-08 15:59:15,468 INFO 43346 [Timer] /Users/xieww/Desktop/aries-web/service/node_modules/egg-logrotator/app/schedule/rotate_by_file.js next time will execute after 28845532ms at 2019-08-09 00:00:01.000
2019-08-08 15:59:15,332 INFO 43352 [egg-schedule]: register schedule /Users/xieww/Desktop/aries-web/service/node_modules/egg-multipart/app/schedule/clean_tmpdir.js
2019-08-08 15:59:15,332 INFO 43352 [egg-schedule]: register schedule /Users/xieww/Desktop/aries-web/service/node_modules/egg-logrotator/app/schedule/clean_log.js
2019-08-08 15:59:15,332 INFO 43352 [egg-schedule]: register schedule /Users/xieww/Desktop/aries-web/service/node_modules/egg-logrotator/app/schedule/rotate_by_file.js
2019-08-08 16:02:34,313 INFO 43515 [Timer] /Users/xieww/Desktop/aries-web/service/node_modules/egg-multipart/app/schedule/clean_tmpdir.js next time will execute after 44845689ms at 2019-08-09 04:30:00.002
2019-08-08 16:02:34,313 INFO 43515 [Timer] /Users/xieww/Desktop/aries-web/service/node_modules/egg-logrotator/app/schedule/clean_log.js next time will execute after 28645687ms at 2019-08-09 00:00:00.000
2019-08-08 16:02:34,313 INFO 43515 [Timer] /Users/xieww/Desktop/aries-web/service/node_modules/egg-logrotator/app/schedule/rotate_by_file.js next time will execute after 28646687ms at 2019-08-09 00:00:01.000
2019-08-08 16:02:34,213 INFO 43516 [egg-schedule]: register schedule /Users/xieww/Desktop/aries-web/service/node_modules/egg-multipart/app/schedule/clean_tmpdir.js
2019-08-08 16:02:34,213 INFO 43516 [egg-schedule]: register schedule /Users/xieww/Desktop/aries-web/service/node_modules/egg-logrotator/app/schedule/clean_log.js
2019-08-08 16:02:34,213 INFO 43516 [egg-schedule]: register schedule /Users/xieww/Desktop/aries-web/service/node_modules/egg-logrotator/app/schedule/rotate_by_file.js
2020-01-10 17:52:23,823 INFO 8592 [Timer] /Users/xieweiwei/Desktop/xieww-aries.github.io/service/node_modules/egg-multipart/app/schedule/clean_tmpdir.js next time will execute after 38256180ms at 2020-01-11 04:30:00.003
2020-01-10 17:52:23,824 INFO 8592 [Timer] /Users/xieweiwei/Desktop/xieww-aries.github.io/service/node_modules/egg-logrotator/app/schedule/clean_log.js next time will execute after 22056177ms at 2020-01-11 00:00:00.001
2020-01-10 17:52:23,824 INFO 8592 [Timer] /Users/xieweiwei/Desktop/xieww-aries.github.io/service/node_modules/egg-logrotator/app/schedule/rotate_by_file.js next time will execute after 22057176ms at 2020-01-11 00:00:01.000
2020-01-10 17:52:23,747 INFO 8593 [egg-schedule]: register schedule /Users/xieweiwei/Desktop/xieww-aries.github.io/service/node_modules/egg-multipart/app/schedule/clean_tmpdir.js
2020-01-10 17:52:23,747 INFO 8593 [egg-schedule]: register schedule /Users/xieweiwei/Desktop/xieww-aries.github.io/service/node_modules/egg-logrotator/app/schedule/clean_log.js
2020-01-10 17:52:23,747 INFO 8593 [egg-schedule]: register schedule /Users/xieweiwei/Desktop/xieww-aries.github.io/service/node_modules/egg-logrotator/app/schedule/rotate_by_file.js
2020-08-18 11:40:52,176 INFO 13380 [egg-schedule]: register schedule /Users/xieww/Desktop/xww/xieww-aries.github.io/service/node_modules/egg-multipart/app/schedule/clean_tmpdir.js
2020-08-18 11:40:52,176 INFO 13380 [egg-schedule]: register schedule /Users/xieww/Desktop/xww/xieww-aries.github.io/service/node_modules/egg-logrotator/app/schedule/clean_log.js
2020-08-18 11:40:52,176 INFO 13380 [egg-schedule]: register schedule /Users/xieww/Desktop/xww/xieww-aries.github.io/service/node_modules/egg-logrotator/app/schedule/rotate_by_file.js
2020-08-18 11:40:52,298 INFO 13376 [Timer] /Users/xieww/Desktop/xww/xieww-aries.github.io/service/node_modules/egg-multipart/app/schedule/clean_tmpdir.js next time will execute after 60547708ms at 2020-08-19 04:30:00.006
2020-08-18 11:40:52,298 INFO 13376 [Timer] /Users/xieww/Desktop/xww/xieww-aries.github.io/service/node_modules/egg-logrotator/app/schedule/clean_log.js next time will execute after 44347702ms at 2020-08-19 00:00:00.000
2020-08-18 11:40:52,298 INFO 13376 [Timer] /Users/xieww/Desktop/xww/xieww-aries.github.io/service/node_modules/egg-logrotator/app/schedule/rotate_by_file.js next time will execute after 44348702ms at 2020-08-19 00:00:01.000
2020-08-18 12:34:57,877 INFO 15085 [Timer] /Users/xieww/Desktop/xww/xieww-aries.github.io/service/node_modules/egg-multipart/app/schedule/clean_tmpdir.js next time will execute after 57302128ms at 2020-08-19 04:30:00.005
2020-08-18 12:34:57,877 INFO 15085 [Timer] /Users/xieww/Desktop/xww/xieww-aries.github.io/service/node_modules/egg-logrotator/app/schedule/clean_log.js next time will execute after 41102123ms at 2020-08-19 00:00:00.000
2020-08-18 12:34:57,878 INFO 15085 [Timer] /Users/xieww/Desktop/xww/xieww-aries.github.io/service/node_modules/egg-logrotator/app/schedule/rotate_by_file.js next time will execute after 41103123ms at 2020-08-19 00:00:01.001
2020-08-18 12:34:57,792 INFO 15086 [egg-schedule]: register schedule /Users/xieww/Desktop/xww/xieww-aries.github.io/service/node_modules/egg-multipart/app/schedule/clean_tmpdir.js
2020-08-18 12:34:57,792 INFO 15086 [egg-schedule]: register schedule /Users/xieww/Desktop/xww/xieww-aries.github.io/service/node_modules/egg-logrotator/app/schedule/clean_log.js
2020-08-18 12:34:57,792 INFO 15086 [egg-schedule]: register schedule /Users/xieww/Desktop/xww/xieww-aries.github.io/service/node_modules/egg-logrotator/app/schedule/rotate_by_file.js
2020-08-19 19:18:49,643 INFO 80917 [egg-schedule]: register schedule /Users/xieww/Desktop/xww/xieww-aries.github.io/service/node_modules/egg-multipart/app/schedule/clean_tmpdir.js
2020-08-19 19:18:49,643 INFO 80917 [egg-schedule]: register schedule /Users/xieww/Desktop/xww/xieww-aries.github.io/service/node_modules/egg-logrotator/app/schedule/clean_log.js
2020-08-19 19:18:49,643 INFO 80917 [egg-schedule]: register schedule /Users/xieww/Desktop/xww/xieww-aries.github.io/service/node_modules/egg-logrotator/app/schedule/rotate_by_file.js
2020-08-19 19:18:49,791 INFO 80916 [Timer] /Users/xieww/Desktop/xww/xieww-aries.github.io/service/node_modules/egg-multipart/app/schedule/clean_tmpdir.js next time will execute after 33070214ms at 2020-08-20 04:30:00.004
2020-08-19 19:18:49,791 INFO 80916 [Timer] /Users/xieww/Desktop/xww/xieww-aries.github.io/service/node_modules/egg-logrotator/app/schedule/clean_log.js next time will execute after 16870209ms at 2020-08-20 00:00:00.000
2020-08-19 19:18:49,791 INFO 80916 [Timer] /Users/xieww/Desktop/xww/xieww-aries.github.io/service/node_modules/egg-logrotator/app/schedule/rotate_by_file.js next time will execute after 16871209ms at 2020-08-20 00:00:01.000
2023-01-09 18:52:06,841 INFO 48473 [Timer] /Users/xieweiwei21/Desktop/personal/project/xieww.github.io/service/node_modules/egg-multipart/app/schedule/clean_tmpdir.js next time will execute after 34673161ms at 2023-01-10 04:30:00.002
2023-01-09 18:52:06,841 INFO 48473 [Timer] /Users/xieweiwei21/Desktop/personal/project/xieww.github.io/service/node_modules/egg-logrotator/app/schedule/clean_log.js next time will execute after 18473159ms at 2023-01-10 00:00:00.000
2023-01-09 18:52:06,842 INFO 48473 [Timer] /Users/xieweiwei21/Desktop/personal/project/xieww.github.io/service/node_modules/egg-logrotator/app/schedule/rotate_by_file.js next time will execute after 18474159ms at 2023-01-10 00:00:01.001
2023-01-09 18:52:06,646 INFO 48482 [egg-schedule]: register schedule /Users/xieweiwei21/Desktop/personal/project/xieww.github.io/service/node_modules/egg-multipart/app/schedule/clean_tmpdir.js
2023-01-09 18:52:06,646 INFO 48482 [egg-schedule]: register schedule /Users/xieweiwei21/Desktop/personal/project/xieww.github.io/service/node_modules/egg-logrotator/app/schedule/clean_log.js
2023-01-09 18:52:06,646 INFO 48482 [egg-schedule]: register schedule /Users/xieweiwei21/Desktop/personal/project/xieww.github.io/service/node_modules/egg-logrotator/app/schedule/rotate_by_file.js
2023-01-09 19:42:01,631 INFO 61361 [egg-schedule]: register schedule /Users/xieweiwei21/Desktop/personal/project/xieww.github.io/service/node_modules/egg-multipart/app/schedule/clean_tmpdir.js
2023-01-09 19:42:01,631 INFO 61361 [egg-schedule]: register schedule /Users/xieweiwei21/Desktop/personal/project/xieww.github.io/service/node_modules/egg-logrotator/app/schedule/clean_log.js
2023-01-09 19:42:01,631 INFO 61361 [egg-schedule]: register schedule /Users/xieweiwei21/Desktop/personal/project/xieww.github.io/service/node_modules/egg-logrotator/app/schedule/rotate_by_file.js
2023-01-09 19:42:33,997 INFO 61528 [Timer] /Users/xieweiwei21/Desktop/personal/project/xieww.github.io/service/node_modules/egg-multipart/app/schedule/clean_tmpdir.js next time will execute after 31646004ms at 2023-01-10 04:30:00.001
2023-01-09 19:42:33,997 INFO 61528 [Timer] /Users/xieweiwei21/Desktop/personal/project/xieww.github.io/service/node_modules/egg-logrotator/app/schedule/clean_log.js next time will execute after 15446003ms at 2023-01-10 00:00:00.000
2023-01-09 19:42:33,998 INFO 61528 [Timer] /Users/xieweiwei21/Desktop/personal/project/xieww.github.io/service/node_modules/egg-logrotator/app/schedule/rotate_by_file.js next time will execute after 15447003ms at 2023-01-10 00:00:01.001
2023-01-09 19:42:33,917 INFO 61532 [egg-schedule]: register schedule /Users/xieweiwei21/Desktop/personal/project/xieww.github.io/service/node_modules/egg-multipart/app/schedule/clean_tmpdir.js
2023-01-09 19:42:33,917 INFO 61532 [egg-schedule]: register schedule /Users/xieweiwei21/Desktop/personal/project/xieww.github.io/service/node_modules/egg-logrotator/app/schedule/clean_log.js
2023-01-09 19:42:33,917 INFO 61532 [egg-schedule]: register schedule /Users/xieweiwei21/Desktop/personal/project/xieww.github.io/service/node_modules/egg-logrotator/app/schedule/rotate_by_file.js
