2019-08-07 19:12:50,493 INFO 30680 [egg-logrotator] app logger reload: got log-reload message
2019-08-07 20:36:18,715 WARN 30680 [TCPBase] socket is closed by other side while there were still unhandled data in the socket buffer
2019-08-07 20:36:18,729 WARN 30680 [ClusterClient:Watcher] follower closed, and try to init it again
2019-08-07 20:45:13,957 WARN 30680 [ClusterClient:Watcher] follower closed, and try to init it again
2019-08-07 21:06:58,073 WARN 30680 [TCPBase] socket is closed by other side while there were still unhandled data in the socket buffer
2019-08-07 21:06:58,073 WARN 30680 [ClusterClient:Watcher] follower closed, and try to init it again
2019-08-07 21:43:31,917 WARN 30680 [TCPBase] socket is closed by other side while there were still unhandled data in the socket buffer
2019-08-07 21:43:31,919 WARN 30680 [ClusterClient:Watcher] follower closed, and try to init it again
2019-08-07 23:44:26,758 WARN 30680 [ClusterClient:Watcher] follower closed, and try to init it again
2019-08-08 01:45:44,817 WARN 30680 [TCPBase] socket is closed by other side while there were still unhandled data in the socket buffer
2019-08-08 01:45:44,822 WARN 30680 [ClusterClient:Watcher] follower closed, and try to init it again
2019-08-08 02:04:03,015 WARN 30680 [ClusterClient:Watcher] follower closed, and try to init it again
2019-08-08 02:20:04,685 WARN 30680 [ClusterClient:Watcher] follower closed, and try to init it again
2019-08-08 04:21:01,826 WARN 30680 [ClusterClient:Watcher] follower closed, and try to init it again
2019-08-08 06:22:19,658 WARN 30680 [ClusterClient:Watcher] follower closed, and try to init it again
2019-08-08 08:23:35,664 WARN 30680 [TCPBase] socket is closed by other side while there were still unhandled data in the socket buffer
2019-08-08 08:23:35,666 WARN 30680 [ClusterClient:Watcher] follower closed, and try to init it again
2019-08-08 09:36:48,940 WARN 30680 [ClusterClient:Watcher] follower closed, and try to init it again
2019-08-08 11:09:25,788 WARN 30680 [ClusterClient:Watcher] follower closed, and try to init it again
2019-08-08 12:16:59,679 WARN 30680 [TCPBase] socket is closed by other side while there were still unhandled data in the socket buffer
2019-08-08 12:16:59,680 WARN 30680 [ClusterClient:Watcher] follower closed, and try to init it again
2019-08-08 14:15:45,606 WARN 30680 [ClusterClient:Watcher] follower closed, and try to init it again
2019-08-08 15:19:34,545 WARN 30680 [ClusterClient:Watcher] follower closed, and try to init it again
2019-08-08 15:39:37,607 WARN 30680 [TCPBase] socket is closed by other side while there were still unhandled data in the socket buffer
2019-08-08 15:39:37,608 WARN 30680 [ClusterClient:Watcher] follower closed, and try to init it again
2019-08-08 15:59:15,312 INFO 43352 [egg:logger] init all loggers with options: {"dir":"/Users/xieww/Desktop/aries-web/service/logs/service","encoding":"utf8","env":"local","level":"INFO","consoleLevel":"INFO","disableConsoleAfterReady":false,"outputJSON":false,"buffer":true,"appLogName":"service-web.log","coreLogName":"egg-web.log","agentLogName":"egg-agent.log","errorLogName":"common-error.log","coreLogger":{"consoleLevel":"WARN"},"allowDebugAtProd":false,"type":"application"}
2019-08-08 15:59:15,333 INFO 43352 [egg-multipart] stream mode enable
2019-08-08 15:59:15,401 INFO 43352 [egg-static] starting static serve /public/ -> /Users/xieww/Desktop/aries-web/service/app/public
2019-08-08 15:59:15,403 INFO 43352 [egg-security] use csrf middleware
2019-08-08 15:59:15,403 INFO 43352 [egg-security] use methodnoallow middleware
2019-08-08 15:59:15,403 INFO 43352 [egg-security] use noopen middleware
2019-08-08 15:59:15,404 INFO 43352 [egg-security] use nosniff middleware
2019-08-08 15:59:15,404 INFO 43352 [egg-security] use xssProtection middleware
2019-08-08 15:59:15,404 INFO 43352 [egg-security] use xframe middleware
2019-08-08 15:59:15,405 INFO 43352 [egg-security] use dta middleware
2019-08-08 15:59:15,405 INFO 43352 [egg-security] compose 7 middlewares into one security middleware
2019-08-08 15:59:15,427 INFO 43352 [egg:core] dump config after load, 17ms
2019-08-08 15:59:15,437 INFO 43352 [egg-watcher:application] watcher start success
2019-08-08 15:59:15,461 INFO 43352 [egg:core] dump config after ready, 22ms
2019-08-08 15:59:32,382 INFO 43352 [egg-view-nunjucks] loading templates from ["/Users/xieww/Desktop/aries-web/service/app/view"]
2019-08-08 16:02:34,192 INFO 43516 [egg:logger] init all loggers with options: {"dir":"/Users/xieww/Desktop/aries-web/service/logs/service","encoding":"utf8","env":"local","level":"INFO","consoleLevel":"INFO","disableConsoleAfterReady":false,"outputJSON":false,"buffer":true,"appLogName":"service-web.log","coreLogName":"egg-web.log","agentLogName":"egg-agent.log","errorLogName":"common-error.log","coreLogger":{"consoleLevel":"WARN"},"allowDebugAtProd":false,"type":"application"}
2019-08-08 16:02:34,214 INFO 43516 [egg-multipart] stream mode enable
2019-08-08 16:02:34,248 INFO 43516 [egg-static] starting static serve /public/ -> /Users/xieww/Desktop/aries-web/service/app/public
2019-08-08 16:02:34,251 INFO 43516 [egg-security] use csrf middleware
2019-08-08 16:02:34,252 INFO 43516 [egg-security] use methodnoallow middleware
2019-08-08 16:02:34,252 INFO 43516 [egg-security] use noopen middleware
2019-08-08 16:02:34,253 INFO 43516 [egg-security] use nosniff middleware
2019-08-08 16:02:34,253 INFO 43516 [egg-security] use xssProtection middleware
2019-08-08 16:02:34,253 INFO 43516 [egg-security] use xframe middleware
2019-08-08 16:02:34,254 INFO 43516 [egg-security] use dta middleware
2019-08-08 16:02:34,254 INFO 43516 [egg-security] compose 7 middlewares into one security middleware
2019-08-08 16:02:34,274 INFO 43516 [egg:core] dump config after load, 17ms
2019-08-08 16:02:34,285 INFO 43516 [egg-watcher:application] watcher start success
2019-08-08 16:02:34,308 INFO 43516 [egg:core] dump config after ready, 20ms
2019-08-08 17:09:34,892 WARN 43516 [ClusterClient:Watcher] follower closed, and try to init it again
2019-08-08 17:45:02,063 WARN 43516 [ClusterClient:Watcher] follower closed, and try to init it again
2020-01-10 17:52:23,724 INFO 8593 [egg:logger] init all loggers with options: {"dir":"/Users/xieweiwei/Desktop/xieww-aries.github.io/service/logs/service","encoding":"utf8","env":"local","level":"INFO","consoleLevel":"INFO","disableConsoleAfterReady":false,"outputJSON":false,"buffer":true,"appLogName":"service-web.log","coreLogName":"egg-web.log","agentLogName":"egg-agent.log","errorLogName":"common-error.log","coreLogger":{"consoleLevel":"WARN"},"allowDebugAtProd":false,"type":"application"}
2020-01-10 17:52:23,747 INFO 8593 [egg-multipart] stream mode enable
2020-01-10 17:52:23,789 INFO 8593 [egg-static] starting static serve /public/ -> /Users/xieweiwei/Desktop/xieww-aries.github.io/service/app/public
2020-01-10 17:52:23,791 INFO 8593 [egg-security] use csrf middleware
2020-01-10 17:52:23,791 INFO 8593 [egg-security] use methodnoallow middleware
2020-01-10 17:52:23,792 INFO 8593 [egg-security] use noopen middleware
2020-01-10 17:52:23,792 INFO 8593 [egg-security] use nosniff middleware
2020-01-10 17:52:23,792 INFO 8593 [egg-security] use xssProtection middleware
2020-01-10 17:52:23,793 INFO 8593 [egg-security] use xframe middleware
2020-01-10 17:52:23,793 INFO 8593 [egg-security] use dta middleware
2020-01-10 17:52:23,793 INFO 8593 [egg-security] compose 7 middlewares into one security middleware
2020-01-10 17:52:23,802 INFO 8593 [egg:core] dump config after load, 4ms
2020-01-10 17:52:23,813 INFO 8593 [egg-watcher:application] watcher start success
2020-01-10 17:52:23,817 INFO 8593 [egg:core] dump config after ready, 2ms
2020-01-10 17:52:33,943 INFO 8593 [egg-view-nunjucks] loading templates from ["/Users/xieweiwei/Desktop/xieww-aries.github.io/service/app/view"]
2020-08-18 11:40:52,143 INFO 13380 [egg:logger] init all loggers with options: {"dir":"/Users/xieww/Desktop/xww/xieww-aries.github.io/service/logs/service","encoding":"utf8","env":"local","level":"INFO","consoleLevel":"INFO","disableConsoleAfterReady":false,"outputJSON":false,"buffer":true,"appLogName":"service-web.log","coreLogName":"egg-web.log","agentLogName":"egg-agent.log","errorLogName":"common-error.log","coreLogger":{"consoleLevel":"WARN"},"allowDebugAtProd":false,"type":"application"}
2020-08-18 11:40:52,177 INFO 13380 [egg-multipart] stream mode enable
2020-08-18 11:40:52,249 INFO 13380 [egg-static] starting static serve /public/ -> /Users/xieww/Desktop/xww/xieww-aries.github.io/service/app/public
2020-08-18 11:40:52,252 INFO 13380 [egg-security] use csrf middleware
2020-08-18 11:40:52,253 INFO 13380 [egg-security] use methodnoallow middleware
2020-08-18 11:40:52,254 INFO 13380 [egg-security] use noopen middleware
2020-08-18 11:40:52,255 INFO 13380 [egg-security] use nosniff middleware
2020-08-18 11:40:52,256 INFO 13380 [egg-security] use xssProtection middleware
2020-08-18 11:40:52,257 INFO 13380 [egg-security] use xframe middleware
2020-08-18 11:40:52,258 INFO 13380 [egg-security] use dta middleware
2020-08-18 11:40:52,258 INFO 13380 [egg-security] compose 7 middlewares into one security middleware
2020-08-18 11:40:52,267 INFO 13380 [egg:core] dump config after load, 4ms
2020-08-18 11:40:52,282 INFO 13380 [egg-watcher:application] watcher start success
2020-08-18 11:40:52,289 INFO 13380 [egg:core] dump config after ready, 4ms
2020-08-18 11:41:04,758 INFO 13380 [egg-view-nunjucks] loading templates from ["/Users/xieww/Desktop/xww/xieww-aries.github.io/service/app/view"]
2020-08-18 12:33:10,734 WARN 13380 [ClusterClient:Watcher] follower closed, and try to init it again
2020-08-18 12:34:57,766 INFO 15086 [egg:logger] init all loggers with options: {"dir":"/Users/xieww/Desktop/xww/xieww-aries.github.io/service/logs/service","encoding":"utf8","env":"local","level":"INFO","consoleLevel":"INFO","disableConsoleAfterReady":false,"outputJSON":false,"buffer":true,"appLogName":"service-web.log","coreLogName":"egg-web.log","agentLogName":"egg-agent.log","errorLogName":"common-error.log","coreLogger":{"consoleLevel":"WARN"},"allowDebugAtProd":false,"type":"application"}
2020-08-18 12:34:57,792 INFO 15086 [egg-multipart] stream mode enable
2020-08-18 12:34:57,838 INFO 15086 [egg-static] starting static serve /public/ -> /Users/xieww/Desktop/xww/xieww-aries.github.io/service/app/public
2020-08-18 12:34:57,840 INFO 15086 [egg-security] use csrf middleware
2020-08-18 12:34:57,840 INFO 15086 [egg-security] use methodnoallow middleware
2020-08-18 12:34:57,841 INFO 15086 [egg-security] use noopen middleware
2020-08-18 12:34:57,841 INFO 15086 [egg-security] use nosniff middleware
2020-08-18 12:34:57,841 INFO 15086 [egg-security] use xssProtection middleware
2020-08-18 12:34:57,842 INFO 15086 [egg-security] use xframe middleware
2020-08-18 12:34:57,842 INFO 15086 [egg-security] use dta middleware
2020-08-18 12:34:57,842 INFO 15086 [egg-security] compose 7 middlewares into one security middleware
2020-08-18 12:34:57,850 INFO 15086 [egg:core] dump config after load, 4ms
2020-08-18 12:34:57,865 INFO 15086 [egg-watcher:application] watcher start success
2020-08-18 12:34:57,869 INFO 15086 [egg:core] dump config after ready, 3ms
2020-08-18 12:35:05,455 INFO 15086 [egg-view-nunjucks] loading templates from ["/Users/xieww/Desktop/xww/xieww-aries.github.io/service/app/view"]
2020-08-18 13:09:01,811 WARN 15086 [ClusterClient:Watcher] follower closed, and try to init it again
2020-08-18 14:10:23,064 WARN 15086 [ClusterClient:Watcher] follower closed, and try to init it again
2020-08-19 19:18:49,617 INFO 80917 [egg:logger] init all loggers with options: {"dir":"/Users/xieww/Desktop/xww/xieww-aries.github.io/service/logs/service","encoding":"utf8","env":"local","level":"INFO","consoleLevel":"INFO","disableConsoleAfterReady":false,"outputJSON":false,"buffer":true,"appLogName":"service-web.log","coreLogName":"egg-web.log","agentLogName":"egg-agent.log","errorLogName":"common-error.log","coreLogger":{"consoleLevel":"WARN"},"allowDebugAtProd":false,"type":"application"}
2020-08-19 19:18:49,643 INFO 80917 [egg-multipart] stream mode enable
2020-08-19 19:18:49,737 INFO 80917 [egg-static] starting static serve /public/ -> /Users/xieww/Desktop/xww/xieww-aries.github.io/service/app/public
2020-08-19 19:18:49,740 INFO 80917 [egg-security] use csrf middleware
2020-08-19 19:18:49,741 INFO 80917 [egg-security] use methodnoallow middleware
2020-08-19 19:18:49,742 INFO 80917 [egg-security] use noopen middleware
2020-08-19 19:18:49,744 INFO 80917 [egg-security] use nosniff middleware
2020-08-19 19:18:49,744 INFO 80917 [egg-security] use xssProtection middleware
2020-08-19 19:18:49,745 INFO 80917 [egg-security] use xframe middleware
2020-08-19 19:18:49,746 INFO 80917 [egg-security] use dta middleware
2020-08-19 19:18:49,746 INFO 80917 [egg-security] compose 7 middlewares into one security middleware
2020-08-19 19:18:49,758 INFO 80917 [egg:core] dump config after load, 6ms
2020-08-19 19:18:49,775 INFO 80917 [egg-watcher:application] watcher start success
2020-08-19 19:18:49,782 INFO 80917 [egg:core] dump config after ready, 5ms
2020-08-19 19:19:00,643 INFO 80917 [egg-view-nunjucks] loading templates from ["/Users/xieww/Desktop/xww/xieww-aries.github.io/service/app/view"]
2020-08-19 19:36:41,678 WARN 80917 [ClusterClient:Watcher] follower closed, and try to init it again
2023-01-09 18:52:06,625 INFO 48482 [egg:logger] init all loggers with options: {"dir":"/Users/xieweiwei21/Desktop/personal/project/xieww.github.io/service/logs/service","encoding":"utf8","env":"local","level":"INFO","consoleLevel":"INFO","disableConsoleAfterReady":false,"outputJSON":false,"buffer":true,"appLogName":"service-web.log","coreLogName":"egg-web.log","agentLogName":"egg-agent.log","errorLogName":"common-error.log","coreLogger":{"consoleLevel":"WARN"},"allowDebugAtProd":false,"type":"application"}
2023-01-09 18:52:06,647 INFO 48482 [egg-multipart] stream mode enable
2023-01-09 18:52:06,807 INFO 48482 [egg-static] starting static serve /public/ -> /Users/xieweiwei21/Desktop/personal/project/xieww.github.io/service/app/public
2023-01-09 18:52:06,809 INFO 48482 [egg-security] use csrf middleware
2023-01-09 18:52:06,810 INFO 48482 [egg-security] use methodnoallow middleware
2023-01-09 18:52:06,810 INFO 48482 [egg-security] use noopen middleware
2023-01-09 18:52:06,811 INFO 48482 [egg-security] use nosniff middleware
2023-01-09 18:52:06,811 INFO 48482 [egg-security] use xssProtection middleware
2023-01-09 18:52:06,812 INFO 48482 [egg-security] use xframe middleware
2023-01-09 18:52:06,813 INFO 48482 [egg-security] use dta middleware
2023-01-09 18:52:06,813 INFO 48482 [egg-security] compose 7 middlewares into one security middleware
2023-01-09 18:52:06,822 INFO 48482 [egg:core] dump config after load, 4ms
2023-01-09 18:52:06,832 INFO 48482 [egg-watcher:application] watcher start success
2023-01-09 18:52:06,837 INFO 48482 [egg:core] dump config after ready, 3ms
2023-01-09 18:52:27,391 INFO 48482 [egg-view-nunjucks] loading templates from ["/Users/xieweiwei21/Desktop/personal/project/xieww.github.io/service/app/view"]
2023-01-09 19:42:01,588 INFO 61361 [egg:logger] init all loggers with options: {"dir":"/Users/xieweiwei21/Desktop/personal/project/xieww.github.io/service/logs/service","encoding":"utf8","env":"local","level":"INFO","consoleLevel":"INFO","disableConsoleAfterReady":false,"outputJSON":false,"buffer":true,"appLogName":"service-web.log","coreLogName":"egg-web.log","agentLogName":"egg-agent.log","errorLogName":"common-error.log","coreLogger":{"consoleLevel":"WARN"},"allowDebugAtProd":false,"type":"application"}
2023-01-09 19:42:01,632 INFO 61361 [egg-multipart] stream mode enable
2023-01-09 19:42:01,837 INFO 61361 [egg-static] starting static serve /public/ -> /Users/xieweiwei21/Desktop/personal/project/xieww.github.io/service/app/public
2023-01-09 19:42:01,841 INFO 61361 [egg-security] use csrf middleware
2023-01-09 19:42:01,842 INFO 61361 [egg-security] use methodnoallow middleware
2023-01-09 19:42:01,844 INFO 61361 [egg-security] use noopen middleware
2023-01-09 19:42:01,845 INFO 61361 [egg-security] use nosniff middleware
2023-01-09 19:42:01,847 INFO 61361 [egg-security] use xssProtection middleware
2023-01-09 19:42:01,848 INFO 61361 [egg-security] use xframe middleware
2023-01-09 19:42:01,850 INFO 61361 [egg-security] use dta middleware
2023-01-09 19:42:01,850 INFO 61361 [egg-security] compose 7 middlewares into one security middleware
2023-01-09 19:42:01,863 INFO 61361 [egg:core] dump config after load, 6ms
2023-01-09 19:42:01,872 INFO 61361 [egg-watcher:application] watcher start success
2023-01-09 19:42:01,877 INFO 61361 [egg:core] dump config after ready, 4ms
2023-01-09 19:42:10,962 INFO 61361 [egg-view-nunjucks] loading templates from ["/Users/xieweiwei21/Desktop/personal/project/xieww.github.io/service/app/view"]
2023-01-09 19:42:33,901 INFO 61532 [egg:logger] init all loggers with options: {"dir":"/Users/xieweiwei21/Desktop/personal/project/xieww.github.io/service/logs/service","encoding":"utf8","env":"local","level":"INFO","consoleLevel":"INFO","disableConsoleAfterReady":false,"outputJSON":false,"buffer":true,"appLogName":"service-web.log","coreLogName":"egg-web.log","agentLogName":"egg-agent.log","errorLogName":"common-error.log","coreLogger":{"consoleLevel":"WARN"},"allowDebugAtProd":false,"type":"application"}
2023-01-09 19:42:33,918 INFO 61532 [egg-multipart] stream mode enable
2023-01-09 19:42:33,971 INFO 61532 [egg-static] starting static serve /public/ -> /Users/xieweiwei21/Desktop/personal/project/xieww.github.io/service/app/public
2023-01-09 19:42:33,973 INFO 61532 [egg-security] use csrf middleware
2023-01-09 19:42:33,973 INFO 61532 [egg-security] use methodnoallow middleware
2023-01-09 19:42:33,974 INFO 61532 [egg-security] use noopen middleware
2023-01-09 19:42:33,974 INFO 61532 [egg-security] use nosniff middleware
2023-01-09 19:42:33,975 INFO 61532 [egg-security] use xssProtection middleware
2023-01-09 19:42:33,975 INFO 61532 [egg-security] use xframe middleware
2023-01-09 19:42:33,976 INFO 61532 [egg-security] use dta middleware
2023-01-09 19:42:33,976 INFO 61532 [egg-security] compose 7 middlewares into one security middleware
2023-01-09 19:42:33,982 INFO 61532 [egg:core] dump config after load, 3ms
2023-01-09 19:42:33,990 INFO 61532 [egg-watcher:application] watcher start success
2023-01-09 19:42:33,994 INFO 61532 [egg:core] dump config after ready, 3ms
2023-01-09 19:44:29,614 INFO 61532 [egg-view-nunjucks] loading templates from ["/Users/xieweiwei21/Desktop/personal/project/xieww.github.io/service/app/view"]
